REALAPP_Tula/build/intermediates/manifest_merge_blame_file/debug/manifest-merger-blame-debug-report.txt
1<?xml version="1.0" encoding="utf-8"?>
2<manifest xmlns:android="http://schemas.android.com/apk/res/android"
3    package="com.amazonaws.demo.androidpubsubwebsocket"
4    android:versionCode="1"
5    android:versionName="1.0.0" >
6
7    <uses-sdk
7-->compression-stocking/REALAPP_Tula/AndroidManifest.xml:7:5-9:41
8        android:minSdkVersion="19"
8-->compression-stocking/REALAPP_Tula/AndroidManifest.xml:8:9-35
9        android:targetSdkVersion="23" />
9-->compression-stocking/REALAPP_Tula/AndroidManifest.xml:9:9-38
10
11    <uses-permission android:name="android.permission.INTERNET" />
11-->compression-stocking/REALAPP_Tula/AndroidManifest.xml:11:5-67
11-->compression-stocking/REALAPP_Tula/AndroidManifest.xml:11:22-64
12
13    <application
13-->compression-stocking/REALAPP_Tula/AndroidManifest.xml:13:5-31:19
14        android:allowBackup="true"
14-->compression-stocking/REALAPP_Tula/AndroidManifest.xml:14:9-35
15        android:debuggable="true"
16        android:icon="@drawable/ic_launcher"
16-->compression-stocking/REALAPP_Tula/AndroidManifest.xml:15:9-45
17        android:label="@string/app_name"
17-->compression-stocking/REALAPP_Tula/AndroidManifest.xml:16:9-41
18        android:testOnly="true" >
19        <activity android:name="com.amazonaws.demo.androidpubsubwebsocket.LoginActivity" >
19-->compression-stocking/REALAPP_Tula/AndroidManifest.xml:17:9-22:20
19-->compression-stocking/REALAPP_Tula/AndroidManifest.xml:17:19-89
20            <intent-filter>
20-->compression-stocking/REALAPP_Tula/AndroidManifest.xml:18:13-21:29
21                <action android:name="android.intent.action.MAIN" />
21-->compression-stocking/REALAPP_Tula/AndroidManifest.xml:19:17-69
21-->compression-stocking/REALAPP_Tula/AndroidManifest.xml:19:25-66
22
23                <category android:name="android.intent.category.LAUNCHER" />
23-->compression-stocking/REALAPP_Tula/AndroidManifest.xml:20:17-77
23-->compression-stocking/REALAPP_Tula/AndroidManifest.xml:20:27-74
24            </intent-filter>
25        </activity>
26        <activity android:name="com.amazonaws.demo.androidpubsubwebsocket.HomeScreenActivity" >
26-->compression-stocking/REALAPP_Tula/AndroidManifest.xml:23:9-24:20
26-->compression-stocking/REALAPP_Tula/AndroidManifest.xml:23:19-94
27        </activity>
28        <activity android:name="com.amazonaws.demo.androidpubsubwebsocket.HeartRateActivity" >
28-->compression-stocking/REALAPP_Tula/AndroidManifest.xml:25:9-26:20
28-->compression-stocking/REALAPP_Tula/AndroidManifest.xml:25:19-93
29        </activity>
30        <activity android:name="com.amazonaws.demo.androidpubsubwebsocket.PressureActivity" >
30-->compression-stocking/REALAPP_Tula/AndroidManifest.xml:27:9-28:20
30-->compression-stocking/REALAPP_Tula/AndroidManifest.xml:27:19-92
31        </activity>
32        <activity android:name="com.amazonaws.demo.androidpubsubwebsocket.ChangeParametersActivity" >
32-->compression-stocking/REALAPP_Tula/AndroidManifest.xml:29:9-30:20
32-->compression-stocking/REALAPP_Tula/AndroidManifest.xml:29:19-100
33        </activity>
34    </application>
35
36</manifest>